<?xml version="1.0" encoding="UTF-8"?>
<!-- Generated by org.testng.reporters.JUnitXMLReporter -->
<testsuite hostname="DESKTOP-O3R1SP1" ignored="0" name="Test" tests="21" failures="2" timestamp="30 Apr 2021 19:48:04 GMT" time="31.228" errors="0">
  <testcase name="login" time="4.652" classname="com.TestClasses.TestIndexPage1"/>
  <testcase name="verifyTitle" time="0.016" classname="com.TestClasses.TestDownloadsPage"/>
  <testcase name="varifyUsersText" time="0.061" classname="com.TestClasses.TestDownloadsPage"/>
  <testcase name="varifyHome" time="0.047" classname="com.TestClasses.TestDownloadsPage"/>
  <testcase name="varifyJBKTextInNavBar" time="0.047" classname="com.TestClasses.TestDownloadsPage"/>
  <testcase name="varifyLeftBar" time="0.078" classname="com.TestClasses.TestDownloadsPage"/>
  <testcase name="varifyFooter" time="0.063" classname="com.TestClasses.TestDownloadsPage"/>
  <testcase name="varifyLogoutText" time="0.062" classname="com.TestClasses.TestDownloadsPage"/>
  <testcase name="varifyDownloadsListText" time="0.047" classname="com.TestClasses.TestDownloadsPage"/>
  <testcase name="clickLogoIMG" time="0.344" classname="com.TestClasses.TestDownloadsPage"/>
  <testcase name="verifyTextInTable" time="4.611" classname="com.TestClasses.TestDownloadsPage">
    <skipped/>
  </testcase> <!-- verifyTextInTable -->
  <testcase name="verifyTextInTable" time="3.387" classname="com.TestClasses.TestDownloadsPage">
    <skipped/>
  </testcase> <!-- verifyTextInTable -->
  <testcase name="verifyTextInTable" time="3.314" classname="com.TestClasses.TestDownloadsPage">
    <failure type="org.openqa.selenium.StaleElementReferenceException" message="stale element reference: element is not attached to the page document
  (Session info: chrome=90.0.4430.93)
For documentation on this error, please visit: https://www.seleniumhq.org/exceptions/stale_element_reference.html
Build info: version: &amp;apos;3.141.59&amp;apos;, revision: &amp;apos;e82be7d358&amp;apos;, time: &amp;apos;2018-11-14T08:17:03&amp;apos;
System info: host: &amp;apos;DESKTOP-O3R1SP1&amp;apos;, ip: &amp;apos;127.0.0.1&amp;apos;, os.name: &amp;apos;Windows 10&amp;apos;, os.arch: &amp;apos;amd64&amp;apos;, os.version: &amp;apos;10.0&amp;apos;, java.version: &amp;apos;1.8.0_144&amp;apos;
Driver info: org.openqa.selenium.chrome.ChromeDriver
Capabilities {acceptInsecureCerts: false, browserName: chrome, browserVersion: 90.0.4430.93, chrome: {chromedriverVersion: 90.0.4430.24 (4c6d850f087da..., userDataDir: C:\Users\VIJAYG~1\AppData\L...}, goog:chromeOptions: {debuggerAddress: localhost:51170}, javascriptEnabled: true, networkConnectionEnabled: false, pageLoadStrategy: normal, platform: WINDOWS, platformName: WINDOWS, proxy: Proxy(), setWindowRect: true, strictFileInteractability: false, timeouts: {implicit: 0, pageLoad: 300000, script: 30000}, unhandledPromptBehavior: dismiss and notify, webauthn:extension:largeBlob: true, webauthn:virtualAuthenticators: true}
Session ID: 07c16c6aee27e4f750ba495dabb63cdc">
      <![CDATA[org.openqa.selenium.StaleElementReferenceException: stale element reference: element is not attached to the page document
  (Session info: chrome=90.0.4430.93)
For documentation on this error, please visit: https://www.seleniumhq.org/exceptions/stale_element_reference.html
Build info: version: '3.141.59', revision: 'e82be7d358', time: '2018-11-14T08:17:03'
System info: host: 'DESKTOP-O3R1SP1', ip: '127.0.0.1', os.name: 'Windows 10', os.arch: 'amd64', os.version: '10.0', java.version: '1.8.0_144'
Driver info: org.openqa.selenium.chrome.ChromeDriver
Capabilities {acceptInsecureCerts: false, browserName: chrome, browserVersion: 90.0.4430.93, chrome: {chromedriverVersion: 90.0.4430.24 (4c6d850f087da..., userDataDir: C:\Users\VIJAYG~1\AppData\L...}, goog:chromeOptions: {debuggerAddress: localhost:51170}, javascriptEnabled: true, networkConnectionEnabled: false, pageLoadStrategy: normal, platform: WINDOWS, platformName: WINDOWS, proxy: Proxy(), setWindowRect: true, strictFileInteractability: false, timeouts: {implicit: 0, pageLoad: 300000, script: 30000}, unhandledPromptBehavior: dismiss and notify, webauthn:extension:largeBlob: true, webauthn:virtualAuthenticators: true}
Session ID: 07c16c6aee27e4f750ba495dabb63cdc
at org.openqa.selenium.remote.http.W3CHttpResponseCodec.createException(W3CHttpResponseCodec.java:187)
at org.openqa.selenium.remote.http.W3CHttpResponseCodec.decode(W3CHttpResponseCodec.java:122)
at org.openqa.selenium.remote.http.W3CHttpResponseCodec.decode(W3CHttpResponseCodec.java:49)
at org.openqa.selenium.remote.HttpCommandExecutor.execute(HttpCommandExecutor.java:158)
at org.openqa.selenium.remote.service.DriverCommandExecutor.execute(DriverCommandExecutor.java:83)
at org.openqa.selenium.remote.RemoteWebDriver.execute(RemoteWebDriver.java:552)
at org.openqa.selenium.remote.RemoteWebElement.execute(RemoteWebElement.java:285)
at org.openqa.selenium.remote.RemoteWebElement.click(RemoteWebElement.java:84)
at jbk.pages.DownloadsPage.lambda$textInTable$1(DownloadsPage.java:113)
at java.util.ArrayList.forEach(ArrayList.java:1249)
at org.openqa.selenium.support.pagefactory.internal.LocatingElementListHandler.invoke(LocatingElementListHandler.java:39)
at com.sun.proxy.$Proxy8.forEach(Unknown Source)
at jbk.pages.DownloadsPage.textInTable(DownloadsPage.java:112)
at com.TestClasses.TestDownloadsPage.verifyTextInTable(TestDownloadsPage.java:141)
at java.util.concurrent.ThreadPoolExecutor.runWorker(ThreadPoolExecutor.java:1149)
at java.util.concurrent.ThreadPoolExecutor$Worker.run(ThreadPoolExecutor.java:624)
at java.lang.Thread.run(Thread.java:748)
... Removed 18 stack frames]]>
    </failure>
  </testcase> <!-- verifyTextInTable -->
  <testcase name="verifyTextInTable" time="11.36" classname="com.TestClasses.TestDownloadsPage">
    <failure type="org.openqa.selenium.NoSuchSessionException" message="invalid session id
Build info: version: &amp;apos;3.141.59&amp;apos;, revision: &amp;apos;e82be7d358&amp;apos;, time: &amp;apos;2018-11-14T08:17:03&amp;apos;
System info: host: &amp;apos;DESKTOP-O3R1SP1&amp;apos;, ip: &amp;apos;127.0.0.1&amp;apos;, os.name: &amp;apos;Windows 10&amp;apos;, os.arch: &amp;apos;amd64&amp;apos;, os.version: &amp;apos;10.0&amp;apos;, java.version: &amp;apos;1.8.0_144&amp;apos;
Driver info: org.openqa.selenium.chrome.ChromeDriver
Capabilities {acceptInsecureCerts: false, browserName: chrome, browserVersion: 90.0.4430.93, chrome: {chromedriverVersion: 90.0.4430.24 (4c6d850f087da..., userDataDir: C:\Users\VIJAYG~1\AppData\L...}, goog:chromeOptions: {debuggerAddress: localhost:51180}, javascriptEnabled: true, networkConnectionEnabled: false, pageLoadStrategy: normal, platform: WINDOWS, platformName: WINDOWS, proxy: Proxy(), setWindowRect: true, strictFileInteractability: false, timeouts: {implicit: 0, pageLoad: 300000, script: 30000}, unhandledPromptBehavior: dismiss and notify, webauthn:extension:largeBlob: true, webauthn:virtualAuthenticators: true}
Session ID: 8094b1715a86cb962a588632294f1065">
      <![CDATA[org.openqa.selenium.NoSuchSessionException: invalid session id
Build info: version: '3.141.59', revision: 'e82be7d358', time: '2018-11-14T08:17:03'
System info: host: 'DESKTOP-O3R1SP1', ip: '127.0.0.1', os.name: 'Windows 10', os.arch: 'amd64', os.version: '10.0', java.version: '1.8.0_144'
Driver info: org.openqa.selenium.chrome.ChromeDriver
Capabilities {acceptInsecureCerts: false, browserName: chrome, browserVersion: 90.0.4430.93, chrome: {chromedriverVersion: 90.0.4430.24 (4c6d850f087da..., userDataDir: C:\Users\VIJAYG~1\AppData\L...}, goog:chromeOptions: {debuggerAddress: localhost:51180}, javascriptEnabled: true, networkConnectionEnabled: false, pageLoadStrategy: normal, platform: WINDOWS, platformName: WINDOWS, proxy: Proxy(), setWindowRect: true, strictFileInteractability: false, timeouts: {implicit: 0, pageLoad: 300000, script: 30000}, unhandledPromptBehavior: dismiss and notify, webauthn:extension:largeBlob: true, webauthn:virtualAuthenticators: true}
Session ID: 8094b1715a86cb962a588632294f1065
at org.openqa.selenium.remote.http.W3CHttpResponseCodec.createException(W3CHttpResponseCodec.java:187)
at org.openqa.selenium.remote.http.W3CHttpResponseCodec.decode(W3CHttpResponseCodec.java:122)
at org.openqa.selenium.remote.http.W3CHttpResponseCodec.decode(W3CHttpResponseCodec.java:49)
at org.openqa.selenium.remote.HttpCommandExecutor.execute(HttpCommandExecutor.java:158)
at org.openqa.selenium.remote.service.DriverCommandExecutor.execute(DriverCommandExecutor.java:83)
at org.openqa.selenium.remote.RemoteWebDriver.execute(RemoteWebDriver.java:552)
at org.openqa.selenium.remote.RemoteWebDriver.execute(RemoteWebDriver.java:609)
at org.openqa.selenium.remote.RemoteWebDriver.getScreenshotAs(RemoteWebDriver.java:295)
at com.Listener.ClassITestListener.onTestFailure(ClassITestListener.java:40)
at java.util.concurrent.ThreadPoolExecutor.runWorker(ThreadPoolExecutor.java:1149)
at java.util.concurrent.ThreadPoolExecutor$Worker.run(ThreadPoolExecutor.java:624)
at java.lang.Thread.run(Thread.java:748)
... Removed 11 stack frames]]>
    </failure>
  </testcase> <!-- verifyTextInTable -->
  <testcase name="clickImages" time="11.523" classname="com.TestClasses.TestDownloadsPage"/>
  <testcase name="clickHome" time="0.205" classname="com.TestClasses.TestDownloadsPage"/>
  <testcase name="clickJBKTextInNavBar" time="0.42" classname="com.TestClasses.TestDownloadsPage"/>
  <testcase name="clickOnlineText" time="0.143" classname="com.TestClasses.TestDownloadsPage"/>
  <testcase name="clickFooter" time="1.574" classname="com.TestClasses.TestDownloadsPage"/>
  <testcase name="clickLogout" time="0.34" classname="com.TestClasses.TestDownloadsPage"/>
  <testcase name="verifyLogoutText" time="0.056" classname="com.TestClasses.TestDownloadsPage"/>
</testsuite> <!-- Test -->
