<!DOCTYPE html PUBLIC "-//W3C//DTD XHTML 1.1//EN" "http://www.w3.org/TR/xhtml11/DTD/xhtml11.dtd">
<html xmlns="http://www.w3.org/1999/xhtml">
<head>
<meta http-equiv="content-type" content="text/html; charset=UTF-8"/>
<title>TestNG Report</title>
<style type="text/css">table {margin-bottom:10px;border-collapse:collapse;empty-cells:show}th,td {border:1px solid #009;padding:.25em .5em}th {vertical-align:bottom}td {vertical-align:top}table a {font-weight:bold}.stripe td {background-color: #E6EBF9}.num {text-align:right}.passedodd td {background-color: #3F3}.passedeven td {background-color: #0A0}.skippedodd td {background-color: #DDD}.skippedeven td {background-color: #CCC}.failedodd td,.attn {background-color: #F33}.failedeven td,.stripe .attn {background-color: #D00}.stacktrace {white-space:pre;font-family:monospace}.totop {font-size:85%;text-align:center;border-bottom:2px solid #000}.invisible {display:none}</style>
</head>
<body>
<table>
<tr><th>Test</th><th># Passed</th><th># Skipped</th><th># Failed</th><th>Time (ms)</th><th>Included Groups</th><th>Excluded Groups</th></tr>
<tr><th colspan="7">Suite</th></tr>
<tr><td><a href="#t0">Test</a></td><td class="num">17</td><td class="num attn">2</td><td class="num">0</td><td class="num">31,228</td><td></td><td></td></tr>
</table>
<table id='summary'><thead><tr><th>Class</th><th>Method</th><th>Start</th><th>Time (ms)</th></tr></thead><tbody><tr><th colspan="4">Suite</th></tr></tbody><tbody id="t0"><tr><th colspan="4">Test &#8212; skipped</th></tr><tr class="skippedeven"><td rowspan="2">com.TestClasses.TestDownloadsPage</td><td><a href="#m0">verifyTextInTable</a></td><td rowspan="2">1619812063728</td><td rowspan="2">3387</td></tr><tr class="skippedeven"><td><a href="#m1">verifyTextInTable</a></td></tr><tr><th colspan="4">Test &#8212; passed</th></tr><tr class="passedeven"><td rowspan="16">com.TestClasses.TestDownloadsPage</td><td><a href="#m2">clickFooter</a></td><td rowspan="1">1619812082772</td><td rowspan="1">1574</td></tr><tr class="passedeven"><td><a href="#m3">clickHome</a></td><td rowspan="1">1619812082004</td><td rowspan="1">205</td></tr><tr class="passedeven"><td><a href="#m4">clickImages</a></td><td rowspan="1">1619812070473</td><td rowspan="1">11523</td></tr><tr class="passedeven"><td><a href="#m5">clickJBKTextInNavBar</a></td><td rowspan="1">1619812082209</td><td rowspan="1">420</td></tr><tr class="passedeven"><td><a href="#m6">clickLogoIMG</a></td><td rowspan="1">1619812058765</td><td rowspan="1">344</td></tr><tr class="passedeven"><td><a href="#m7">clickLogout</a></td><td rowspan="1">1619812084354</td><td rowspan="1">340</td></tr><tr class="passedeven"><td><a href="#m8">clickOnlineText</a></td><td rowspan="1">1619812082629</td><td rowspan="1">143</td></tr><tr class="passedeven"><td><a href="#m9">varifyDownloadsListText</a></td><td rowspan="1">1619812058702</td><td rowspan="1">47</td></tr><tr class="passedeven"><td><a href="#m10">varifyFooter</a></td><td rowspan="1">1619812058577</td><td rowspan="1">63</td></tr><tr class="passedeven"><td><a href="#m11">varifyHome</a></td><td rowspan="1">1619812058405</td><td rowspan="1">47</td></tr><tr class="passedeven"><td><a href="#m12">varifyJBKTextInNavBar</a></td><td rowspan="1">1619812058452</td><td rowspan="1">47</td></tr><tr class="passedeven"><td><a href="#m13">varifyLeftBar</a></td><td rowspan="1">1619812058499</td><td rowspan="1">78</td></tr><tr class="passedeven"><td><a href="#m14">varifyLogoutText</a></td><td rowspan="1">1619812058640</td><td rowspan="1">62</td></tr><tr class="passedeven"><td><a href="#m15">varifyUsersText</a></td><td rowspan="1">1619812058344</td><td rowspan="1">61</td></tr><tr class="passedeven"><td><a href="#m16">verifyLogoutText</a></td><td rowspan="1">1619812084694</td><td rowspan="1">56</td></tr><tr class="passedeven"><td><a href="#m17">verifyTitle</a></td><td rowspan="1">1619812058313</td><td rowspan="1">16</td></tr><tr class="passedodd"><td rowspan="1">com.TestClasses.TestIndexPage1</td><td><a href="#m18">login</a></td><td rowspan="1">1619812053600</td><td rowspan="1">4652</td></tr></tbody>
</table>
<h2>Test</h2><h3 id="m0">com.TestClasses.TestDownloadsPage#verifyTextInTable</h3><table class="result"><tr><th>Exception</th></tr><tr><td><div class="stacktrace">org.openqa.selenium.StaleElementReferenceException: stale element reference: element is not attached to the page document
  (Session info: chrome=90.0.4430.93)
For documentation on this error, please visit: https://www.seleniumhq.org/exceptions/stale_element_reference.html
Build info: version: &apos;3.141.59&apos;, revision: &apos;e82be7d358&apos;, time: &apos;2018-11-14T08:17:03&apos;
System info: host: &apos;DESKTOP-O3R1SP1&apos;, ip: &apos;127.0.0.1&apos;, os.name: &apos;Windows 10&apos;, os.arch: &apos;amd64&apos;, os.version: &apos;10.0&apos;, java.version: &apos;1.8.0_144&apos;
Driver info: org.openqa.selenium.chrome.ChromeDriver
Capabilities {acceptInsecureCerts: false, browserName: chrome, browserVersion: 90.0.4430.93, chrome: {chromedriverVersion: 90.0.4430.24 (4c6d850f087da..., userDataDir: C:\Users\VIJAYG~1\AppData\L...}, goog:chromeOptions: {debuggerAddress: localhost:51170}, javascriptEnabled: true, networkConnectionEnabled: false, pageLoadStrategy: normal, platform: WINDOWS, platformName: WINDOWS, proxy: Proxy(), setWindowRect: true, strictFileInteractability: false, timeouts: {implicit: 0, pageLoad: 300000, script: 30000}, unhandledPromptBehavior: dismiss and notify, webauthn:extension:largeBlob: true, webauthn:virtualAuthenticators: true}
Session ID: 07c16c6aee27e4f750ba495dabb63cdc
	at org.openqa.selenium.remote.http.W3CHttpResponseCodec.createException(W3CHttpResponseCodec.java:187)
	at org.openqa.selenium.remote.http.W3CHttpResponseCodec.decode(W3CHttpResponseCodec.java:122)
	at org.openqa.selenium.remote.http.W3CHttpResponseCodec.decode(W3CHttpResponseCodec.java:49)
	at org.openqa.selenium.remote.HttpCommandExecutor.execute(HttpCommandExecutor.java:158)
	at org.openqa.selenium.remote.service.DriverCommandExecutor.execute(DriverCommandExecutor.java:83)
	at org.openqa.selenium.remote.RemoteWebDriver.execute(RemoteWebDriver.java:552)
	at org.openqa.selenium.remote.RemoteWebElement.execute(RemoteWebElement.java:285)
	at org.openqa.selenium.remote.RemoteWebElement.click(RemoteWebElement.java:84)
	at jbk.pages.DownloadsPage.lambda$textInTable$1(DownloadsPage.java:113)
	at java.util.ArrayList.forEach(ArrayList.java:1249)
	at org.openqa.selenium.support.pagefactory.internal.LocatingElementListHandler.invoke(LocatingElementListHandler.java:39)
	at com.sun.proxy.$Proxy8.forEach(Unknown Source)
	at jbk.pages.DownloadsPage.textInTable(DownloadsPage.java:112)
	at com.TestClasses.TestDownloadsPage.verifyTextInTable(TestDownloadsPage.java:141)
	at java.util.concurrent.ThreadPoolExecutor.runWorker(ThreadPoolExecutor.java:1149)
	at java.util.concurrent.ThreadPoolExecutor$Worker.run(ThreadPoolExecutor.java:624)
	at java.lang.Thread.run(Thread.java:748)
... Removed 18 stack frames</div></td></tr></table><p class="totop"><a href="#summary">back to summary</a></p>
<h3 id="m1">com.TestClasses.TestDownloadsPage#verifyTextInTable</h3><table class="result"><tr><th>Exception</th></tr><tr><td><div class="stacktrace">org.openqa.selenium.StaleElementReferenceException: stale element reference: element is not attached to the page document
  (Session info: chrome=90.0.4430.93)
For documentation on this error, please visit: https://www.seleniumhq.org/exceptions/stale_element_reference.html
Build info: version: &apos;3.141.59&apos;, revision: &apos;e82be7d358&apos;, time: &apos;2018-11-14T08:17:03&apos;
System info: host: &apos;DESKTOP-O3R1SP1&apos;, ip: &apos;127.0.0.1&apos;, os.name: &apos;Windows 10&apos;, os.arch: &apos;amd64&apos;, os.version: &apos;10.0&apos;, java.version: &apos;1.8.0_144&apos;
Driver info: org.openqa.selenium.chrome.ChromeDriver
Capabilities {acceptInsecureCerts: false, browserName: chrome, browserVersion: 90.0.4430.93, chrome: {chromedriverVersion: 90.0.4430.24 (4c6d850f087da..., userDataDir: C:\Users\VIJAYG~1\AppData\L...}, goog:chromeOptions: {debuggerAddress: localhost:51170}, javascriptEnabled: true, networkConnectionEnabled: false, pageLoadStrategy: normal, platform: WINDOWS, platformName: WINDOWS, proxy: Proxy(), setWindowRect: true, strictFileInteractability: false, timeouts: {implicit: 0, pageLoad: 300000, script: 30000}, unhandledPromptBehavior: dismiss and notify, webauthn:extension:largeBlob: true, webauthn:virtualAuthenticators: true}
Session ID: 07c16c6aee27e4f750ba495dabb63cdc
	at org.openqa.selenium.remote.http.W3CHttpResponseCodec.createException(W3CHttpResponseCodec.java:187)
	at org.openqa.selenium.remote.http.W3CHttpResponseCodec.decode(W3CHttpResponseCodec.java:122)
	at org.openqa.selenium.remote.http.W3CHttpResponseCodec.decode(W3CHttpResponseCodec.java:49)
	at org.openqa.selenium.remote.HttpCommandExecutor.execute(HttpCommandExecutor.java:158)
	at org.openqa.selenium.remote.service.DriverCommandExecutor.execute(DriverCommandExecutor.java:83)
	at org.openqa.selenium.remote.RemoteWebDriver.execute(RemoteWebDriver.java:552)
	at org.openqa.selenium.remote.RemoteWebElement.execute(RemoteWebElement.java:285)
	at org.openqa.selenium.remote.RemoteWebElement.click(RemoteWebElement.java:84)
	at jbk.pages.DownloadsPage.lambda$textInTable$1(DownloadsPage.java:113)
	at java.util.ArrayList.forEach(ArrayList.java:1249)
	at org.openqa.selenium.support.pagefactory.internal.LocatingElementListHandler.invoke(LocatingElementListHandler.java:39)
	at com.sun.proxy.$Proxy8.forEach(Unknown Source)
	at jbk.pages.DownloadsPage.textInTable(DownloadsPage.java:112)
	at com.TestClasses.TestDownloadsPage.verifyTextInTable(TestDownloadsPage.java:141)
	at java.util.concurrent.ThreadPoolExecutor.runWorker(ThreadPoolExecutor.java:1149)
	at java.util.concurrent.ThreadPoolExecutor$Worker.run(ThreadPoolExecutor.java:624)
	at java.lang.Thread.run(Thread.java:748)
... Removed 18 stack frames</div></td></tr></table><p class="totop"><a href="#summary">back to summary</a></p>
<h3 id="m2">com.TestClasses.TestDownloadsPage#clickFooter</h3><table class="result"><tr><th class="invisible"/></tr></table><p class="totop"><a href="#summary">back to summary</a></p>
<h3 id="m3">com.TestClasses.TestDownloadsPage#clickHome</h3><table class="result"><tr><th class="invisible"/></tr></table><p class="totop"><a href="#summary">back to summary</a></p>
<h3 id="m4">com.TestClasses.TestDownloadsPage#clickImages</h3><table class="result"><tr><th class="invisible"/></tr></table><p class="totop"><a href="#summary">back to summary</a></p>
<h3 id="m5">com.TestClasses.TestDownloadsPage#clickJBKTextInNavBar</h3><table class="result"><tr><th class="invisible"/></tr></table><p class="totop"><a href="#summary">back to summary</a></p>
<h3 id="m6">com.TestClasses.TestDownloadsPage#clickLogoIMG</h3><table class="result"><tr><th class="invisible"/></tr></table><p class="totop"><a href="#summary">back to summary</a></p>
<h3 id="m7">com.TestClasses.TestDownloadsPage#clickLogout</h3><table class="result"><tr><th class="invisible"/></tr></table><p class="totop"><a href="#summary">back to summary</a></p>
<h3 id="m8">com.TestClasses.TestDownloadsPage#clickOnlineText</h3><table class="result"><tr><th class="invisible"/></tr></table><p class="totop"><a href="#summary">back to summary</a></p>
<h3 id="m9">com.TestClasses.TestDownloadsPage#varifyDownloadsListText</h3><table class="result"><tr><th class="invisible"/></tr></table><p class="totop"><a href="#summary">back to summary</a></p>
<h3 id="m10">com.TestClasses.TestDownloadsPage#varifyFooter</h3><table class="result"><tr><th class="invisible"/></tr></table><p class="totop"><a href="#summary">back to summary</a></p>
<h3 id="m11">com.TestClasses.TestDownloadsPage#varifyHome</h3><table class="result"><tr><th class="invisible"/></tr></table><p class="totop"><a href="#summary">back to summary</a></p>
<h3 id="m12">com.TestClasses.TestDownloadsPage#varifyJBKTextInNavBar</h3><table class="result"><tr><th class="invisible"/></tr></table><p class="totop"><a href="#summary">back to summary</a></p>
<h3 id="m13">com.TestClasses.TestDownloadsPage#varifyLeftBar</h3><table class="result"><tr><th class="invisible"/></tr></table><p class="totop"><a href="#summary">back to summary</a></p>
<h3 id="m14">com.TestClasses.TestDownloadsPage#varifyLogoutText</h3><table class="result"><tr><th class="invisible"/></tr></table><p class="totop"><a href="#summary">back to summary</a></p>
<h3 id="m15">com.TestClasses.TestDownloadsPage#varifyUsersText</h3><table class="result"><tr><th class="invisible"/></tr></table><p class="totop"><a href="#summary">back to summary</a></p>
<h3 id="m16">com.TestClasses.TestDownloadsPage#verifyLogoutText</h3><table class="result"><tr><th class="invisible"/></tr></table><p class="totop"><a href="#summary">back to summary</a></p>
<h3 id="m17">com.TestClasses.TestDownloadsPage#verifyTitle</h3><table class="result"><tr><th class="invisible"/></tr></table><p class="totop"><a href="#summary">back to summary</a></p>
<h3 id="m18">com.TestClasses.TestIndexPage1#login</h3><table class="result"><tr><th class="invisible"/></tr></table><p class="totop"><a href="#summary">back to summary</a></p>
</body>
</html>
