<?xml version="1.0" encoding="UTF-8"?>
<testng-results skipped="3" failed="0" ignored="0" total="20" passed="17">
  <reporter-output>
  </reporter-output>
  <suite name="Suite" duration-ms="201653" started-at="2021-05-01T18:11:50Z" finished-at="2021-05-01T18:15:12Z">
    <groups>
    </groups>
    <test name="Test" duration-ms="201653" started-at="2021-05-01T18:11:50Z" finished-at="2021-05-01T18:15:12Z">
      <class name="com.TestClasses.TestDownloadsPage">
        <test-method status="PASS" signature="setdp()[pri:0, instance:com.TestClasses.TestDownloadsPage@520a3426]" name="setdp" is-config="true" duration-ms="11658" started-at="2021-05-01T18:11:38Z" finished-at="2021-05-01T18:11:50Z">
          <reporter-output>
          </reporter-output>
        </test-method> <!-- setdp -->
        <test-method status="PASS" signature="verifyTitle()[pri:1, instance:com.TestClasses.TestDownloadsPage@520a3426]" name="verifyTitle" duration-ms="22" started-at="2021-05-01T18:12:02Z" finished-at="2021-05-01T18:12:02Z">
          <reporter-output>
          </reporter-output>
        </test-method> <!-- verifyTitle -->
        <test-method status="PASS" signature="varifyUsersText()[pri:2, instance:com.TestClasses.TestDownloadsPage@520a3426]" name="varifyUsersText" duration-ms="69" started-at="2021-05-01T18:12:03Z" depends-on-methods="com.TestClasses.TestDownloadsPage.verifyTitle" finished-at="2021-05-01T18:12:03Z">
          <reporter-output>
          </reporter-output>
        </test-method> <!-- varifyUsersText -->
        <test-method status="PASS" signature="varifyHome()[pri:3, instance:com.TestClasses.TestDownloadsPage@520a3426]" name="varifyHome" duration-ms="47" started-at="2021-05-01T18:12:03Z" depends-on-methods="com.TestClasses.TestDownloadsPage.verifyTitle" finished-at="2021-05-01T18:12:03Z">
          <reporter-output>
          </reporter-output>
        </test-method> <!-- varifyHome -->
        <test-method status="PASS" signature="varifyJBKTextInNavBar()[pri:4, instance:com.TestClasses.TestDownloadsPage@520a3426]" name="varifyJBKTextInNavBar" duration-ms="42" started-at="2021-05-01T18:12:03Z" depends-on-methods="com.TestClasses.TestDownloadsPage.verifyTitle" finished-at="2021-05-01T18:12:03Z">
          <reporter-output>
          </reporter-output>
        </test-method> <!-- varifyJBKTextInNavBar -->
        <test-method status="PASS" signature="varifyLeftBar()[pri:5, instance:com.TestClasses.TestDownloadsPage@520a3426]" name="varifyLeftBar" duration-ms="59" started-at="2021-05-01T18:12:03Z" depends-on-methods="com.TestClasses.TestDownloadsPage.verifyTitle" finished-at="2021-05-01T18:12:03Z">
          <reporter-output>
          </reporter-output>
        </test-method> <!-- varifyLeftBar -->
        <test-method status="PASS" signature="varifyFooter()[pri:6, instance:com.TestClasses.TestDownloadsPage@520a3426]" name="varifyFooter" duration-ms="46" started-at="2021-05-01T18:12:03Z" depends-on-methods="com.TestClasses.TestDownloadsPage.verifyTitle" finished-at="2021-05-01T18:12:03Z">
          <reporter-output>
          </reporter-output>
        </test-method> <!-- varifyFooter -->
        <test-method status="PASS" signature="varifyLogoutText()[pri:7, instance:com.TestClasses.TestDownloadsPage@520a3426]" name="varifyLogoutText" duration-ms="42" started-at="2021-05-01T18:12:03Z" finished-at="2021-05-01T18:12:03Z">
          <reporter-output>
          </reporter-output>
        </test-method> <!-- varifyLogoutText -->
        <test-method status="PASS" signature="varifyDownloadsListText()[pri:8, instance:com.TestClasses.TestDownloadsPage@520a3426]" name="varifyDownloadsListText" duration-ms="46" started-at="2021-05-01T18:12:03Z" finished-at="2021-05-01T18:12:03Z">
          <reporter-output>
          </reporter-output>
        </test-method> <!-- varifyDownloadsListText -->
        <test-method status="PASS" signature="clickLogoIMG()[pri:9, instance:com.TestClasses.TestDownloadsPage@520a3426]" name="clickLogoIMG" duration-ms="4469" started-at="2021-05-01T18:12:03Z" finished-at="2021-05-01T18:12:07Z">
          <reporter-output>
          </reporter-output>
        </test-method> <!-- clickLogoIMG -->
        <test-method status="SKIP" signature="verifyTextInTable()[pri:10, instance:com.TestClasses.TestDownloadsPage@520a3426]" name="verifyTextInTable" duration-ms="137701" started-at="2021-05-01T18:12:07Z" finished-at="2021-05-01T18:14:25Z">
          <exception class="org.openqa.selenium.StaleElementReferenceException">
            <message>
              <![CDATA[stale element reference: element is not attached to the page document
  (Session info: chrome=90.0.4430.93)
For documentation on this error, please visit: https://www.seleniumhq.org/exceptions/stale_element_reference.html
Build info: version: '3.141.59', revision: 'e82be7d358', time: '2018-11-14T08:17:03'
System info: host: 'DESKTOP-O3R1SP1', ip: '192.168.43.64', os.name: 'Windows 10', os.arch: 'amd64', os.version: '10.0', java.version: '1.8.0_144'
Driver info: org.openqa.selenium.chrome.ChromeDriver
Capabilities {acceptInsecureCerts: false, browserName: chrome, browserVersion: 90.0.4430.93, chrome: {chromedriverVersion: 90.0.4430.24 (4c6d850f087da..., userDataDir: C:\Users\VIJAYG~1\AppData\L...}, goog:chromeOptions: {debuggerAddress: localhost:49914}, javascriptEnabled: true, networkConnectionEnabled: false, pageLoadStrategy: normal, platform: WINDOWS, platformName: WINDOWS, proxy: Proxy(), setWindowRect: true, strictFileInteractability: false, timeouts: {implicit: 0, pageLoad: 300000, script: 30000}, unhandledPromptBehavior: dismiss and notify, webauthn:extension:largeBlob: true, webauthn:virtualAuthenticators: true}
Session ID: dfe5053fe0e01609f848bca73ad689c8]]>
            </message>
            <full-stacktrace>
              <![CDATA[org.openqa.selenium.StaleElementReferenceException: stale element reference: element is not attached to the page document
  (Session info: chrome=90.0.4430.93)
For documentation on this error, please visit: https://www.seleniumhq.org/exceptions/stale_element_reference.html
Build info: version: '3.141.59', revision: 'e82be7d358', time: '2018-11-14T08:17:03'
System info: host: 'DESKTOP-O3R1SP1', ip: '192.168.43.64', os.name: 'Windows 10', os.arch: 'amd64', os.version: '10.0', java.version: '1.8.0_144'
Driver info: org.openqa.selenium.chrome.ChromeDriver
Capabilities {acceptInsecureCerts: false, browserName: chrome, browserVersion: 90.0.4430.93, chrome: {chromedriverVersion: 90.0.4430.24 (4c6d850f087da..., userDataDir: C:\Users\VIJAYG~1\AppData\L...}, goog:chromeOptions: {debuggerAddress: localhost:49914}, javascriptEnabled: true, networkConnectionEnabled: false, pageLoadStrategy: normal, platform: WINDOWS, platformName: WINDOWS, proxy: Proxy(), setWindowRect: true, strictFileInteractability: false, timeouts: {implicit: 0, pageLoad: 300000, script: 30000}, unhandledPromptBehavior: dismiss and notify, webauthn:extension:largeBlob: true, webauthn:virtualAuthenticators: true}
Session ID: dfe5053fe0e01609f848bca73ad689c8
at sun.reflect.NativeConstructorAccessorImpl.newInstance0(Native Method)
at sun.reflect.NativeConstructorAccessorImpl.newInstance(NativeConstructorAccessorImpl.java:62)
at sun.reflect.DelegatingConstructorAccessorImpl.newInstance(DelegatingConstructorAccessorImpl.java:45)
at java.lang.reflect.Constructor.newInstance(Constructor.java:423)
at org.openqa.selenium.remote.http.W3CHttpResponseCodec.createException(W3CHttpResponseCodec.java:187)
at org.openqa.selenium.remote.http.W3CHttpResponseCodec.decode(W3CHttpResponseCodec.java:122)
at org.openqa.selenium.remote.http.W3CHttpResponseCodec.decode(W3CHttpResponseCodec.java:49)
at org.openqa.selenium.remote.HttpCommandExecutor.execute(HttpCommandExecutor.java:158)
at org.openqa.selenium.remote.service.DriverCommandExecutor.execute(DriverCommandExecutor.java:83)
at org.openqa.selenium.remote.RemoteWebDriver.execute(RemoteWebDriver.java:552)
at org.openqa.selenium.remote.RemoteWebElement.execute(RemoteWebElement.java:285)
at org.openqa.selenium.remote.RemoteWebElement.click(RemoteWebElement.java:84)
at jbk.pages.DownloadsPage.lambda$textInTable$1(DownloadsPage.java:113)
at java.util.ArrayList.forEach(ArrayList.java:1249)
at sun.reflect.NativeMethodAccessorImpl.invoke0(Native Method)
at sun.reflect.NativeMethodAccessorImpl.invoke(NativeMethodAccessorImpl.java:62)
at sun.reflect.DelegatingMethodAccessorImpl.invoke(DelegatingMethodAccessorImpl.java:43)
at java.lang.reflect.Method.invoke(Method.java:498)
at org.openqa.selenium.support.pagefactory.internal.LocatingElementListHandler.invoke(LocatingElementListHandler.java:39)
at com.sun.proxy.$Proxy10.forEach(Unknown Source)
at jbk.pages.DownloadsPage.textInTable(DownloadsPage.java:112)
at com.TestClasses.TestDownloadsPage.verifyTextInTable(TestDownloadsPage.java:142)
at sun.reflect.NativeMethodAccessorImpl.invoke0(Native Method)
at sun.reflect.NativeMethodAccessorImpl.invoke(NativeMethodAccessorImpl.java:62)
at sun.reflect.DelegatingMethodAccessorImpl.invoke(DelegatingMethodAccessorImpl.java:43)
at java.lang.reflect.Method.invoke(Method.java:498)
at org.testng.internal.MethodInvocationHelper.invokeMethod(MethodInvocationHelper.java:124)
at org.testng.internal.Invoker.invokeMethod(Invoker.java:583)
at org.testng.internal.Invoker.invokeTestMethod(Invoker.java:719)
at org.testng.internal.Invoker.invokeTestMethods(Invoker.java:989)
at org.testng.internal.TestMethodWorker.invokeTestMethods(TestMethodWorker.java:125)
at org.testng.internal.TestMethodWorker.run(TestMethodWorker.java:109)
at java.util.concurrent.ThreadPoolExecutor.runWorker(ThreadPoolExecutor.java:1149)
at java.util.concurrent.ThreadPoolExecutor$Worker.run(ThreadPoolExecutor.java:624)
at java.lang.Thread.run(Thread.java:748)
]]>
            </full-stacktrace>
          </exception> <!-- org.openqa.selenium.StaleElementReferenceException -->
          <reporter-output>
          </reporter-output>
        </test-method> <!-- verifyTextInTable -->
        <test-method status="SKIP" signature="verifyTextInTable()[pri:10, instance:com.TestClasses.TestDownloadsPage@520a3426]" name="verifyTextInTable" duration-ms="5465" started-at="2021-05-01T18:14:25Z" finished-at="2021-05-01T18:14:31Z">
          <exception class="org.openqa.selenium.StaleElementReferenceException">
            <message>
              <![CDATA[stale element reference: element is not attached to the page document
  (Session info: chrome=90.0.4430.93)
For documentation on this error, please visit: https://www.seleniumhq.org/exceptions/stale_element_reference.html
Build info: version: '3.141.59', revision: 'e82be7d358', time: '2018-11-14T08:17:03'
System info: host: 'DESKTOP-O3R1SP1', ip: '192.168.43.64', os.name: 'Windows 10', os.arch: 'amd64', os.version: '10.0', java.version: '1.8.0_144'
Driver info: org.openqa.selenium.chrome.ChromeDriver
Capabilities {acceptInsecureCerts: false, browserName: chrome, browserVersion: 90.0.4430.93, chrome: {chromedriverVersion: 90.0.4430.24 (4c6d850f087da..., userDataDir: C:\Users\VIJAYG~1\AppData\L...}, goog:chromeOptions: {debuggerAddress: localhost:49914}, javascriptEnabled: true, networkConnectionEnabled: false, pageLoadStrategy: normal, platform: WINDOWS, platformName: WINDOWS, proxy: Proxy(), setWindowRect: true, strictFileInteractability: false, timeouts: {implicit: 0, pageLoad: 300000, script: 30000}, unhandledPromptBehavior: dismiss and notify, webauthn:extension:largeBlob: true, webauthn:virtualAuthenticators: true}
Session ID: dfe5053fe0e01609f848bca73ad689c8]]>
            </message>
            <full-stacktrace>
              <![CDATA[org.openqa.selenium.StaleElementReferenceException: stale element reference: element is not attached to the page document
  (Session info: chrome=90.0.4430.93)
For documentation on this error, please visit: https://www.seleniumhq.org/exceptions/stale_element_reference.html
Build info: version: '3.141.59', revision: 'e82be7d358', time: '2018-11-14T08:17:03'
System info: host: 'DESKTOP-O3R1SP1', ip: '192.168.43.64', os.name: 'Windows 10', os.arch: 'amd64', os.version: '10.0', java.version: '1.8.0_144'
Driver info: org.openqa.selenium.chrome.ChromeDriver
Capabilities {acceptInsecureCerts: false, browserName: chrome, browserVersion: 90.0.4430.93, chrome: {chromedriverVersion: 90.0.4430.24 (4c6d850f087da..., userDataDir: C:\Users\VIJAYG~1\AppData\L...}, goog:chromeOptions: {debuggerAddress: localhost:49914}, javascriptEnabled: true, networkConnectionEnabled: false, pageLoadStrategy: normal, platform: WINDOWS, platformName: WINDOWS, proxy: Proxy(), setWindowRect: true, strictFileInteractability: false, timeouts: {implicit: 0, pageLoad: 300000, script: 30000}, unhandledPromptBehavior: dismiss and notify, webauthn:extension:largeBlob: true, webauthn:virtualAuthenticators: true}
Session ID: dfe5053fe0e01609f848bca73ad689c8
at sun.reflect.NativeConstructorAccessorImpl.newInstance0(Native Method)
at sun.reflect.NativeConstructorAccessorImpl.newInstance(NativeConstructorAccessorImpl.java:62)
at sun.reflect.DelegatingConstructorAccessorImpl.newInstance(DelegatingConstructorAccessorImpl.java:45)
at java.lang.reflect.Constructor.newInstance(Constructor.java:423)
at org.openqa.selenium.remote.http.W3CHttpResponseCodec.createException(W3CHttpResponseCodec.java:187)
at org.openqa.selenium.remote.http.W3CHttpResponseCodec.decode(W3CHttpResponseCodec.java:122)
at org.openqa.selenium.remote.http.W3CHttpResponseCodec.decode(W3CHttpResponseCodec.java:49)
at org.openqa.selenium.remote.HttpCommandExecutor.execute(HttpCommandExecutor.java:158)
at org.openqa.selenium.remote.service.DriverCommandExecutor.execute(DriverCommandExecutor.java:83)
at org.openqa.selenium.remote.RemoteWebDriver.execute(RemoteWebDriver.java:552)
at org.openqa.selenium.remote.RemoteWebElement.execute(RemoteWebElement.java:285)
at org.openqa.selenium.remote.RemoteWebElement.click(RemoteWebElement.java:84)
at jbk.pages.DownloadsPage.lambda$textInTable$1(DownloadsPage.java:113)
at java.util.ArrayList.forEach(ArrayList.java:1249)
at sun.reflect.NativeMethodAccessorImpl.invoke0(Native Method)
at sun.reflect.NativeMethodAccessorImpl.invoke(NativeMethodAccessorImpl.java:62)
at sun.reflect.DelegatingMethodAccessorImpl.invoke(DelegatingMethodAccessorImpl.java:43)
at java.lang.reflect.Method.invoke(Method.java:498)
at org.openqa.selenium.support.pagefactory.internal.LocatingElementListHandler.invoke(LocatingElementListHandler.java:39)
at com.sun.proxy.$Proxy10.forEach(Unknown Source)
at jbk.pages.DownloadsPage.textInTable(DownloadsPage.java:112)
at com.TestClasses.TestDownloadsPage.verifyTextInTable(TestDownloadsPage.java:142)
at sun.reflect.NativeMethodAccessorImpl.invoke0(Native Method)
at sun.reflect.NativeMethodAccessorImpl.invoke(NativeMethodAccessorImpl.java:62)
at sun.reflect.DelegatingMethodAccessorImpl.invoke(DelegatingMethodAccessorImpl.java:43)
at java.lang.reflect.Method.invoke(Method.java:498)
at org.testng.internal.MethodInvocationHelper.invokeMethod(MethodInvocationHelper.java:124)
at org.testng.internal.Invoker.invokeMethod(Invoker.java:583)
at org.testng.internal.Invoker.retryFailed(Invoker.java:839)
at org.testng.internal.Invoker.invokeTestMethods(Invoker.java:1010)
at org.testng.internal.TestMethodWorker.invokeTestMethods(TestMethodWorker.java:125)
at org.testng.internal.TestMethodWorker.run(TestMethodWorker.java:109)
at java.util.concurrent.ThreadPoolExecutor.runWorker(ThreadPoolExecutor.java:1149)
at java.util.concurrent.ThreadPoolExecutor$Worker.run(ThreadPoolExecutor.java:624)
at java.lang.Thread.run(Thread.java:748)
]]>
            </full-stacktrace>
          </exception> <!-- org.openqa.selenium.StaleElementReferenceException -->
          <reporter-output>
          </reporter-output>
        </test-method> <!-- verifyTextInTable -->
        <test-method status="SKIP" signature="verifyTextInTable()[pri:10, instance:com.TestClasses.TestDownloadsPage@520a3426]" name="verifyTextInTable" duration-ms="5259" started-at="2021-05-01T18:14:31Z" finished-at="2021-05-01T18:14:36Z">
          <exception class="org.openqa.selenium.StaleElementReferenceException">
            <message>
              <![CDATA[stale element reference: element is not attached to the page document
  (Session info: chrome=90.0.4430.93)
For documentation on this error, please visit: https://www.seleniumhq.org/exceptions/stale_element_reference.html
Build info: version: '3.141.59', revision: 'e82be7d358', time: '2018-11-14T08:17:03'
System info: host: 'DESKTOP-O3R1SP1', ip: '192.168.43.64', os.name: 'Windows 10', os.arch: 'amd64', os.version: '10.0', java.version: '1.8.0_144'
Driver info: org.openqa.selenium.chrome.ChromeDriver
Capabilities {acceptInsecureCerts: false, browserName: chrome, browserVersion: 90.0.4430.93, chrome: {chromedriverVersion: 90.0.4430.24 (4c6d850f087da..., userDataDir: C:\Users\VIJAYG~1\AppData\L...}, goog:chromeOptions: {debuggerAddress: localhost:49914}, javascriptEnabled: true, networkConnectionEnabled: false, pageLoadStrategy: normal, platform: WINDOWS, platformName: WINDOWS, proxy: Proxy(), setWindowRect: true, strictFileInteractability: false, timeouts: {implicit: 0, pageLoad: 300000, script: 30000}, unhandledPromptBehavior: dismiss and notify, webauthn:extension:largeBlob: true, webauthn:virtualAuthenticators: true}
Session ID: dfe5053fe0e01609f848bca73ad689c8]]>
            </message>
            <full-stacktrace>
              <![CDATA[org.openqa.selenium.StaleElementReferenceException: stale element reference: element is not attached to the page document
  (Session info: chrome=90.0.4430.93)
For documentation on this error, please visit: https://www.seleniumhq.org/exceptions/stale_element_reference.html
Build info: version: '3.141.59', revision: 'e82be7d358', time: '2018-11-14T08:17:03'
System info: host: 'DESKTOP-O3R1SP1', ip: '192.168.43.64', os.name: 'Windows 10', os.arch: 'amd64', os.version: '10.0', java.version: '1.8.0_144'
Driver info: org.openqa.selenium.chrome.ChromeDriver
Capabilities {acceptInsecureCerts: false, browserName: chrome, browserVersion: 90.0.4430.93, chrome: {chromedriverVersion: 90.0.4430.24 (4c6d850f087da..., userDataDir: C:\Users\VIJAYG~1\AppData\L...}, goog:chromeOptions: {debuggerAddress: localhost:49914}, javascriptEnabled: true, networkConnectionEnabled: false, pageLoadStrategy: normal, platform: WINDOWS, platformName: WINDOWS, proxy: Proxy(), setWindowRect: true, strictFileInteractability: false, timeouts: {implicit: 0, pageLoad: 300000, script: 30000}, unhandledPromptBehavior: dismiss and notify, webauthn:extension:largeBlob: true, webauthn:virtualAuthenticators: true}
Session ID: dfe5053fe0e01609f848bca73ad689c8
at sun.reflect.NativeConstructorAccessorImpl.newInstance0(Native Method)
at sun.reflect.NativeConstructorAccessorImpl.newInstance(NativeConstructorAccessorImpl.java:62)
at sun.reflect.DelegatingConstructorAccessorImpl.newInstance(DelegatingConstructorAccessorImpl.java:45)
at java.lang.reflect.Constructor.newInstance(Constructor.java:423)
at org.openqa.selenium.remote.http.W3CHttpResponseCodec.createException(W3CHttpResponseCodec.java:187)
at org.openqa.selenium.remote.http.W3CHttpResponseCodec.decode(W3CHttpResponseCodec.java:122)
at org.openqa.selenium.remote.http.W3CHttpResponseCodec.decode(W3CHttpResponseCodec.java:49)
at org.openqa.selenium.remote.HttpCommandExecutor.execute(HttpCommandExecutor.java:158)
at org.openqa.selenium.remote.service.DriverCommandExecutor.execute(DriverCommandExecutor.java:83)
at org.openqa.selenium.remote.RemoteWebDriver.execute(RemoteWebDriver.java:552)
at org.openqa.selenium.remote.RemoteWebElement.execute(RemoteWebElement.java:285)
at org.openqa.selenium.remote.RemoteWebElement.click(RemoteWebElement.java:84)
at jbk.pages.DownloadsPage.lambda$textInTable$1(DownloadsPage.java:113)
at java.util.ArrayList.forEach(ArrayList.java:1249)
at sun.reflect.NativeMethodAccessorImpl.invoke0(Native Method)
at sun.reflect.NativeMethodAccessorImpl.invoke(NativeMethodAccessorImpl.java:62)
at sun.reflect.DelegatingMethodAccessorImpl.invoke(DelegatingMethodAccessorImpl.java:43)
at java.lang.reflect.Method.invoke(Method.java:498)
at org.openqa.selenium.support.pagefactory.internal.LocatingElementListHandler.invoke(LocatingElementListHandler.java:39)
at com.sun.proxy.$Proxy10.forEach(Unknown Source)
at jbk.pages.DownloadsPage.textInTable(DownloadsPage.java:112)
at com.TestClasses.TestDownloadsPage.verifyTextInTable(TestDownloadsPage.java:142)
at sun.reflect.NativeMethodAccessorImpl.invoke0(Native Method)
at sun.reflect.NativeMethodAccessorImpl.invoke(NativeMethodAccessorImpl.java:62)
at sun.reflect.DelegatingMethodAccessorImpl.invoke(DelegatingMethodAccessorImpl.java:43)
at java.lang.reflect.Method.invoke(Method.java:498)
at org.testng.internal.MethodInvocationHelper.invokeMethod(MethodInvocationHelper.java:124)
at org.testng.internal.Invoker.invokeMethod(Invoker.java:583)
at org.testng.internal.Invoker.retryFailed(Invoker.java:839)
at org.testng.internal.Invoker.invokeTestMethods(Invoker.java:1010)
at org.testng.internal.TestMethodWorker.invokeTestMethods(TestMethodWorker.java:125)
at org.testng.internal.TestMethodWorker.run(TestMethodWorker.java:109)
at java.util.concurrent.ThreadPoolExecutor.runWorker(ThreadPoolExecutor.java:1149)
at java.util.concurrent.ThreadPoolExecutor$Worker.run(ThreadPoolExecutor.java:624)
at java.lang.Thread.run(Thread.java:748)
]]>
            </full-stacktrace>
          </exception> <!-- org.openqa.selenium.StaleElementReferenceException -->
          <reporter-output>
          </reporter-output>
        </test-method> <!-- verifyTextInTable -->
        <test-method status="PASS" signature="clickImages()[pri:11, instance:com.TestClasses.TestDownloadsPage@520a3426]" name="clickImages" duration-ms="13418" started-at="2021-05-01T18:14:41Z" finished-at="2021-05-01T18:14:54Z">
          <reporter-output>
          </reporter-output>
        </test-method> <!-- clickImages -->
        <test-method status="PASS" signature="clickHome()[pri:12, instance:com.TestClasses.TestDownloadsPage@520a3426]" name="clickHome" duration-ms="242" started-at="2021-05-01T18:14:54Z" depends-on-methods="com.TestClasses.TestDownloadsPage.verifyTitle" finished-at="2021-05-01T18:14:55Z">
          <reporter-output>
          </reporter-output>
        </test-method> <!-- clickHome -->
        <test-method status="PASS" signature="clickJBKTextInNavBar()[pri:13, instance:com.TestClasses.TestDownloadsPage@520a3426]" name="clickJBKTextInNavBar" duration-ms="869" started-at="2021-05-01T18:14:55Z" depends-on-methods="com.TestClasses.TestDownloadsPage.verifyTitle" finished-at="2021-05-01T18:14:56Z">
          <reporter-output>
          </reporter-output>
        </test-method> <!-- clickJBKTextInNavBar -->
        <test-method status="PASS" signature="clickOnlineText()[pri:14, instance:com.TestClasses.TestDownloadsPage@520a3426]" name="clickOnlineText" duration-ms="164" started-at="2021-05-01T18:14:56Z" depends-on-methods="com.TestClasses.TestDownloadsPage.verifyTitle" finished-at="2021-05-01T18:14:56Z">
          <reporter-output>
          </reporter-output>
        </test-method> <!-- clickOnlineText -->
        <test-method status="PASS" signature="clickFooter()[pri:15, instance:com.TestClasses.TestDownloadsPage@520a3426]" name="clickFooter" duration-ms="14145" started-at="2021-05-01T18:14:56Z" depends-on-methods="com.TestClasses.TestDownloadsPage.verifyTitle" finished-at="2021-05-01T18:15:10Z">
          <reporter-output>
          </reporter-output>
        </test-method> <!-- clickFooter -->
        <test-method status="PASS" signature="clickLogout()[pri:16, instance:com.TestClasses.TestDownloadsPage@520a3426]" name="clickLogout" duration-ms="1809" started-at="2021-05-01T18:15:10Z" finished-at="2021-05-01T18:15:12Z">
          <reporter-output>
          </reporter-output>
        </test-method> <!-- clickLogout -->
        <test-method status="PASS" signature="verifyLogoutText()[pri:17, instance:com.TestClasses.TestDownloadsPage@520a3426]" name="verifyLogoutText" duration-ms="56" started-at="2021-05-01T18:15:12Z" depends-on-methods="com.TestClasses.TestDownloadsPage.clickLogout" finished-at="2021-05-01T18:15:12Z">
          <reporter-output>
          </reporter-output>
        </test-method> <!-- verifyLogoutText -->
        <test-method status="PASS" signature="close()[pri:0, instance:com.TestClasses.TestDownloadsPage@520a3426]" name="close" is-config="true" duration-ms="1685" started-at="2021-05-01T18:15:13Z" finished-at="2021-05-01T18:15:15Z">
          <reporter-output>
          </reporter-output>
        </test-method> <!-- close -->
      </class> <!-- com.TestClasses.TestDownloadsPage -->
      <class name="com.TestClasses.TestIndexPage1">
        <test-method status="PASS" signature="login()[pri:0, instance:com.TestClasses.TestIndexPage1@18eed359]" name="login" duration-ms="12077" started-at="2021-05-01T18:11:50Z" finished-at="2021-05-01T18:12:02Z">
          <reporter-output>
          </reporter-output>
        </test-method> <!-- login -->
      </class> <!-- com.TestClasses.TestIndexPage1 -->
    </test> <!-- Test -->
  </suite> <!-- Suite -->
</testng-results>
